2026-01-03 12:35:57,843 - INFO - Logger initialized for messydata
2026-01-03 12:35:57,843 - INFO - Processing: data\messydata.csv
2026-01-03 12:35:57,848 - INFO - Loaded CSV: C:\Users\LENOVO\Downloads\Python scripts\project\Datacleaningsqlpandas\data\messydata.csv (utf-8)
2026-01-03 12:35:57,849 - INFO - Cleaned column names: ['rank', 'peak', 'all_time_peak', 'actual_gross', 'adjusted_gross_in_2022_dollars', 'artist', 'tour_title', 'year_s', 'shows', 'average_gross', 'ref']
2026-01-03 12:35:57,852 - INFO - Cleaned text column: peak
2026-01-03 12:35:57,855 - INFO - Cleaned text column: all_time_peak
2026-01-03 12:35:57,858 - INFO - Cleaned text column: actual_gross
2026-01-03 12:35:57,862 - INFO - Cleaned text column: adjusted_gross_in_2022_dollars
2026-01-03 12:35:57,865 - INFO - Cleaned text column: artist
2026-01-03 12:35:57,868 - INFO - Cleaned text column: tour_title
2026-01-03 12:35:57,872 - INFO - Cleaned text column: year_s
2026-01-03 12:35:57,875 - INFO - Cleaned text column: average_gross
2026-01-03 12:35:57,878 - INFO - Cleaned text column: ref
2026-01-03 12:35:57,878 - INFO - CSV loading and cleaning completed: C:\Users\LENOVO\Downloads\Python scripts\project\Datacleaningsqlpandas\data\messydata.csv
2026-01-03 12:35:57,878 - INFO - shape:(20, 11)
2026-01-03 12:35:57,878 - INFO - Rows present in dataframe: 20
2026-01-03 12:35:57,878 - INFO - Columns present in dataframe: 11
2026-01-03 12:35:58,059 - INFO - [messydata] Outliers plot (before) saved → C:\Users\LENOVO\Downloads\Python scripts\project\Datacleaningsqlpandas\plots\messydata_outliers\messydata_outliers_before_20260103_1235.png
2026-01-03 12:35:58,062 - INFO - missing values found:peak             11
all_time_peak    14
dtype: int64
2026-01-03 12:35:58,122 - INFO - Deleted old missing value plot: C:\Users\LENOVO\Downloads\Python scripts\project\Datacleaningsqlpandas\plots\messydata_missing_values_output\messydata_missing_values_after_20260103_1200.png
2026-01-03 12:35:58,123 - INFO - Deleted old missing value plot: C:\Users\LENOVO\Downloads\Python scripts\project\Datacleaningsqlpandas\plots\messydata_missing_values_output\messydata_missing_values_before_20260103_1200.png
2026-01-03 12:35:58,255 - INFO - [messydata] Cleaned columns: ['actual_gross', 'adjusted_gross_in_2022_dollars', 'year_s', 'average_gross']
2026-01-03 12:35:58,256 - INFO - [messydata] Skipped columns: ['artist', 'tour_title']
2026-01-03 12:35:58,266 - INFO - [messydata] Dropped 1 fully empty columns
2026-01-03 12:35:58,273 - INFO - [messydata] Missing values handled | numeric=7, text=4, datetime=0
2026-01-03 12:35:58,285 - INFO - [messydata] AFTER schema saved → C:\Users\LENOVO\Downloads\Python scripts\project\Datacleaningsqlpandas\json_output\messydata_schema_after.json
2026-01-03 12:35:58,523 - INFO - [messydata] Outliers plot (after) saved → C:\Users\LENOVO\Downloads\Python scripts\project\Datacleaningsqlpandas\plots\messydata_outliers\messydata_outliers_after_20260103_1235.png
2026-01-03 12:35:58,532 - INFO - [messydata] Removed 0 duplicate rows using keys=['artist', 'year_s', 'year_s_end']
2026-01-03 12:35:58,532 - INFO - [messydata] Removed 0 duplicate rows using keys=['artist', 'year_s', 'year_s_end']
2026-01-03 12:35:58,532 - INFO - [messydata] Returning cleaned DataFrame with shape (20, 11)
2026-01-03 12:35:58,538 - INFO - missing values found:Series([], dtype: int64)
2026-01-03 12:35:58,538 - INFO - No missing values found
2026-01-03 12:35:58,946 - INFO - [messydata] Validation completed with status=PASS
2026-01-03 12:35:58,947 - INFO - [messydata] Validation JSON saved to C:\Users\LENOVO\Downloads\Python scripts\project\Datacleaningsqlpandas\validation_reports\messydata_validation.json
2026-01-03 12:35:58,954 - INFO - [messydata] AFTER-cleaning complete. Cleaned CSV saved 
2026-01-03 12:35:58,954 - INFO - [messydata] Cleaned DataFrame preview
