2025-12-25 15:17:50,127 - INFO - Logger initialized for messydata_cleaned_20251224_122450
2025-12-25 15:17:50,127 - INFO - Processing: cleaned_data_output\messydata_cleaned_20251224_122450.csv
2025-12-25 15:17:50,132 - INFO - C:\Users\LENOVO\Downloads\Python scripts\project\Datacleaningsqlpandas\sql_credentials\sql_credentials.json created
2025-12-25 15:17:50,297 - INFO - [messydata_cleaned_20251224_122450] Created MySQL database: messydata_cleaned_20251224_122450
2025-12-25 15:17:50,357 - INFO - Engine(mysql+pymysql://root:***@127.0.0.1:3306/messydata_cleaned_20251224_122450) MySQL connection successful!
2025-12-25 15:17:50,449 - INFO - [messydata_cleaned_20251224_122450] Data pushed to DB `messydata_cleaned_20251224_122450` → table `transformed_messydata_cleaned_20251224_122450`
2025-12-25 15:17:50,469 - INFO - 
Data Preview
:   rank  peak  all_time_peak  actual_gross  adjusted_gross_in_2022_dollars        artist                   tour_title  year_s  shows  average_gross  year_s_end
0     1     1              2     780000000                       780000000  Taylor Swift                The Eras Tour    2023     56       13928571      2024.0
1     2     1              7     579800000                       579800000       Beyoncé       Renaissance World Tour    2023     56       10353571         NaN
2     3     1              2     411000000                       560622615       Madonna          Sticky & Sweet Tour    2008     85        4835294      2009.0
3     4     2             10     397300000                       454751555          Pink  Beautiful Trauma World Tour    2018    156        2546795      2019.0
4     5     2             10     345675146                       402844849  Taylor Swift      Reputation Stadium Tour    2018     53        6522173         NaN
2025-12-25 15:17:50,470 - INFO - 
NULL Counts
:rank                              0
peak                              0
all_time_peak                     0
actual_gross                      0
adjusted_gross_in_2022_dollars    0
artist                            0
tour_title                        0
year_s                            0
shows                             0
average_gross                     0
year_s_end                        0
dtype: int64
