2025-12-25 15:18:07,460 - INFO - Logger initialized for survey_results_public_cleaned_20251224_122858
2025-12-25 15:18:07,461 - INFO - Processing: cleaned_data_output\survey_results_public_cleaned_20251224_122858.csv
2025-12-25 15:18:09,222 - INFO - C:\Users\LENOVO\Downloads\Python scripts\project\Datacleaningsqlpandas\sql_credentials\sql_credentials.json created
2025-12-25 15:18:09,418 - INFO - [survey_results_public_cleaned_20251224_122858] Created MySQL database: survey_results_public_cleaned_20251224_122858
2025-12-25 15:18:09,489 - INFO - Engine(mysql+pymysql://root:***@127.0.0.1:3306/survey_results_public_cleaned_20251224_122858) MySQL connection successful!
2025-12-25 15:18:30,644 - INFO - [survey_results_public_cleaned_20251224_122858] Data pushed to DB `survey_results_public_cleaned_20251224_122858` → table `transformed_survey_results_public_cleaned_20251224_122858`
2025-12-25 15:18:31,463 - INFO - 
Data Preview
:   respondent                                         mainbranch hobbyist   age  age1stcode compfreq  comptotal  convertedcomp             country          currencydesc currencysymbol databasedesirenextyear                         databaseworkedwith                                            devtype                                          edlevel                                         employment                     ethnicity gender                                         jobfactors                 jobsat                                            jobseek    languagedesirenextyear           languageworkedwith            misctechdesirenextyear misctechworkedwith            newcollabtoolsdesirenextyear                           newcollabtoolsworkedwith newdevops        newdevopsimpt                           newedimpt                                         newjobhunt                                 newjobhuntresearch       newlearn newofftopic newonboardgood newothercomms                                        newovertime                                newpurchaseresearch      newpurplelink                                         newsosites                                           newstuck        opsys   orgsize                             platformdesirenextyear              platformworkedwith                      purchasewhat                sexuality soaccount           socomm                           sopartfreq                      sovisitfreq                  surveyease           surveylength trans                                     undergradmajor webframedesirenextyear    webframeworkedwith                             welcomechange  workweekhrs  yearscode  yearscodepro
0           1                     I am a developer by profession      Yes  25.0          13  Monthly   100000.0         120000             Germany         European Euro            EUR   Microsoft SQL Server  Elasticsearch;Microsoft SQL Server;Oracle  Developer, desktop or enterprise applications;...  Master's degree (M.A., M.S., M.Eng., MBA, etc.)  Independent contractor, freelancer, or self-em...  White or of European descent    Man  Languages, frameworks, and other technologies ...     Slightly satisfied       I am not interested in new job opportunities    C#;HTML/CSS;JavaScript       C#;HTML/CSS;JavaScript                 .NET Core;Xamarin     .NET;.NET Core  Microsoft Teams;Microsoft Azure;Trello       Confluence;Jira;Slack;Microsoft Azure;Trello        No   Somewhat important                    Fairly important  Curious about other opportunities;Better compe...  Read company media, such as employee blogs or ...    Once a year    Not sure            Yes            No                   Often: 1-2 days per week or more  Start a free trial;Ask developers I know/work ...             Amused   Stack Overflow (public Q&A for anyone who codes)  Visit Stack Overflow;Go for a walk or other ph...      Windows        29     Android;iOS;Kubernetes;Microsoft Azure;Windows                         Windows     I have little or no influence  Straight / Heterosexual        No   No, not at all  Less than once per month or monthly           Multiple times per day  Neither easy nor difficult  Appropriate in length    No  Computer science, computer engineering, or sof...           ASP.NET Core  ASP.NET;ASP.NET Core   Just as welcome now as I felt last year         50.0         36            27
1           2                     I am a developer by profession       No  25.0          19   Yearly   100000.0         120000      United Kingdom        Pound sterling            GBP             PostgreSQL                                      MySQL            Developer, full-stack;Developer, mobile     Bachelor's degree (B.A., B.S., B.Eng., etc.)                                 Employed full-time  White or of European descent    Man  Flex time or a flexible schedule;Languages, fr...      Very dissatisfied       I am not interested in new job opportunities              Python;Swift             JavaScript;Swift  React Native;TensorFlow;Unity 3D       React Native                            Github;Slack                Confluence;Jira;Github;Gitlab;Slack       Yes  Extremely important                    Fairly important  Curious about other opportunities;Better compe...  Read company media, such as employee blogs or ...    Once a year    Not sure            Yes            No  Sometimes: 1-2 days per month but less than we...  Start a free trial;Ask developers I know/work ...             Amused  Stack Overflow (public Q&A for anyone who code...  Visit Stack Overflow;Go for a walk or other ph...        MacOS  10004999                         iOS;Kubernetes;Linux;MacOS                             iOS     I have little or no influence  Straight / Heterosexual       Yes  Yes, definitely  Less than once per month or monthly           Multiple times per day                        Easy  Appropriate in length    No  Computer science, computer engineering, or sof...               React.js                jQuery  Somewhat more welcome now than last year         40.0          7             4
2           3                        I code primarily as a hobby      Yes  25.0          15   Yearly   100000.0         120000  Russian Federation  United States dollar            USD             PostgreSQL                                      MySQL                              Developer, full-stack     Bachelor's degree (B.A., B.S., B.Eng., etc.)                                 Employed full-time  White or of European descent    Man  Flex time or a flexible schedule;Languages, fr...         Very satisfied  I'm not actively looking, but I am open to new...  Objective-C;Python;Swift     Objective-C;Python;Swift                           Node.js            Node.js                                  Github                                             Github       Yes  Extremely important                    Fairly important  Curious about other opportunities;Better compe...  Read company media, such as employee blogs or ...  Once a decade    Not sure            Yes            No  Sometimes: 1-2 days per month but less than we...  Start a free trial;Ask developers I know/work ...  Hello, old friend   Stack Overflow (public Q&A for anyone who codes)                               Visit Stack Overflow  Linux-based      2099                                              Linux                         Windows     I have little or no influence  Straight / Heterosexual       Yes    Yes, somewhat      A few times per month or weekly            Daily or almost daily  Neither easy nor difficult  Appropriate in length    No  Computer science, computer engineering, or sof...               React.js                jQuery  Somewhat more welcome now than last year         40.0          4             3
3           4                     I am a developer by profession      Yes  25.0          18   Yearly   100000.0         120000             Albania          Albanian lek            ALL             PostgreSQL                                      MySQL                              Developer, full-stack  Master's degree (M.A., M.S., M.Eng., MBA, etc.)                                 Employed full-time  White or of European descent    Man  Flex time or a flexible schedule;Office enviro...  Slightly dissatisfied  I'm not actively looking, but I am open to new...                    Python  HTML/CSS;JavaScript;PHP;SQL                           Node.js            Node.js                                  Github                                             Github        No  Extremely important  Not at all important/not necessary  Curious about other opportunities;Wanting to w...  Read company media, such as employee blogs or ...    Once a year    Not sure            Yes           Yes  Occasionally: 1-2 days per quarter but less th...  Start a free trial;Ask developers I know/work ...  Hello, old friend  Stack Overflow (public Q&A for anyone who code...                               Visit Stack Overflow  Linux-based      2099                                              Linux                         Windows  I have a great deal of influence  Straight / Heterosexual       Yes  Yes, definitely      A few times per month or weekly           Multiple times per day                        Easy  Appropriate in length    No  Computer science, computer engineering, or sof...               React.js                jQuery  Somewhat less welcome now than last year         40.0          7             4
4           5  I used to be a developer by profession, but no...      Yes  31.0          16   Yearly   100000.0         120000       United States  United States dollar            USD       MySQL;PostgreSQL              MySQL;PostgreSQL;Redis;SQLite                              Developer, full-stack     Bachelor's degree (B.A., B.S., B.Eng., etc.)                                 Employed full-time  White or of European descent    Man  Flex time or a flexible schedule;Languages, fr...         Very satisfied  I'm not actively looking, but I am open to new...           Java;Ruby;Scala            HTML/CSS;Ruby;SQL                      Ansible;Chef            Ansible   Github;Google Suite (Docs, Meet, etc)  Confluence;Jira;Github;Slack;Google Suite (Doc...       Yes  Extremely important                      Very important  Curious about other opportunities;Better compe...  Read company media, such as employee blogs or ...    Once a year          No            Yes           Yes  Sometimes: 1-2 days per month but less than we...  Start a free trial;Ask developers I know/work ...  Hello, old friend  Stack Overflow (public Q&A for anyone who code...  Call a coworker or friend;Visit Stack Overflow...      Windows      2099  Docker;Google Cloud Platform;Heroku;Linux;Windows  AWS;Docker;Linux;MacOS;Windows     I have little or no influence  Straight / Heterosexual       Yes    Yes, somewhat  Less than once per month or monthly  A few times per month or weekly                        Easy              Too short    No  Computer science, computer engineering, or sof...   Django;Ruby on Rails         Ruby on Rails   Just as welcome now as I felt last year         40.0         15             8
2025-12-25 15:18:31,465 - INFO - 
NULL Counts
:respondent                      0
mainbranch                      0
hobbyist                        0
age                             0
age1stcode                      0
compfreq                        0
comptotal                       0
convertedcomp                   0
country                         0
currencydesc                    0
currencysymbol                  0
databasedesirenextyear          0
databaseworkedwith              0
devtype                         0
edlevel                         0
employment                      0
ethnicity                       0
gender                          0
jobfactors                      0
jobsat                          0
jobseek                         0
languagedesirenextyear          0
languageworkedwith              0
misctechdesirenextyear          0
misctechworkedwith              0
newcollabtoolsdesirenextyear    0
newcollabtoolsworkedwith        0
newdevops                       0
newdevopsimpt                   0
newedimpt                       0
newjobhunt                      0
newjobhuntresearch              0
newlearn                        0
newofftopic                     0
newonboardgood                  0
newothercomms                   0
newovertime                     0
newpurchaseresearch             0
newpurplelink                   0
newsosites                      0
newstuck                        0
opsys                           0
orgsize                         0
platformdesirenextyear          0
platformworkedwith              0
purchasewhat                    0
sexuality                       0
soaccount                       0
socomm                          0
sopartfreq                      0
sovisitfreq                     0
surveyease                      0
surveylength                    0
trans                           0
undergradmajor                  0
webframedesirenextyear          0
webframeworkedwith              0
welcomechange                   0
workweekhrs                     0
yearscode                       0
yearscodepro                    0
dtype: int64
