2025-12-18 19:37:19,706 - INFO - Logger initialized for survey_results_public
2025-12-18 19:37:19,706 - INFO - Processing: data\survey_results_public.csv
2025-12-18 19:37:22,332 - INFO - Loaded CSV: C:\Users\LENOVO\Downloads\Python scripts\project\Datacleaningsqlpandas\data\survey_results_public.csv (utf-8)
2025-12-18 19:37:22,333 - INFO - Cleaned column names: ['respondent', 'mainbranch', 'hobbyist', 'age', 'age1stcode', 'compfreq', 'comptotal', 'convertedcomp', 'country', 'currencydesc', 'currencysymbol', 'databasedesirenextyear', 'databaseworkedwith', 'devtype', 'edlevel', 'employment', 'ethnicity', 'gender', 'jobfactors', 'jobsat', 'jobseek', 'languagedesirenextyear', 'languageworkedwith', 'misctechdesirenextyear', 'misctechworkedwith', 'newcollabtoolsdesirenextyear', 'newcollabtoolsworkedwith', 'newdevops', 'newdevopsimpt', 'newedimpt', 'newjobhunt', 'newjobhuntresearch', 'newlearn', 'newofftopic', 'newonboardgood', 'newothercomms', 'newovertime', 'newpurchaseresearch', 'newpurplelink', 'newsosites', 'newstuck', 'opsys', 'orgsize', 'platformdesirenextyear', 'platformworkedwith', 'purchasewhat', 'sexuality', 'soaccount', 'socomm', 'sopartfreq', 'sovisitfreq', 'surveyease', 'surveylength', 'trans', 'undergradmajor', 'webframedesirenextyear', 'webframeworkedwith', 'welcomechange', 'workweekhrs', 'yearscode', 'yearscodepro']
2025-12-18 19:37:22,800 - INFO - Cleaned text column: mainbranch
2025-12-18 19:37:23,081 - INFO - Cleaned text column: hobbyist
2025-12-18 19:37:23,324 - INFO - Cleaned text column: age1stcode
2025-12-18 19:37:23,509 - INFO - Cleaned text column: compfreq
2025-12-18 19:37:23,759 - INFO - Cleaned text column: country
2025-12-18 19:37:23,980 - INFO - Cleaned text column: currencydesc
2025-12-18 19:37:24,177 - INFO - Cleaned text column: currencysymbol
2025-12-18 19:37:24,396 - INFO - Cleaned text column: databasedesirenextyear
2025-12-18 19:37:24,635 - INFO - Cleaned text column: databaseworkedwith
2025-12-18 19:37:24,984 - INFO - Cleaned text column: devtype
2025-12-18 19:37:25,354 - INFO - Cleaned text column: edlevel
2025-12-18 19:37:25,630 - INFO - Cleaned text column: employment
2025-12-18 19:37:25,874 - INFO - Cleaned text column: ethnicity
2025-12-18 19:37:26,071 - INFO - Cleaned text column: gender
2025-12-18 19:37:26,606 - INFO - Cleaned text column: jobfactors
2025-12-18 19:37:26,852 - INFO - Cleaned text column: jobsat
2025-12-18 19:37:27,219 - INFO - Cleaned text column: jobseek
2025-12-18 19:37:27,478 - INFO - Cleaned text column: languagedesirenextyear
2025-12-18 19:37:27,753 - INFO - Cleaned text column: languageworkedwith
2025-12-18 19:37:27,968 - INFO - Cleaned text column: misctechdesirenextyear
2025-12-18 19:37:28,167 - INFO - Cleaned text column: misctechworkedwith
2025-12-18 19:37:28,423 - INFO - Cleaned text column: newcollabtoolsdesirenextyear
2025-12-18 19:37:28,705 - INFO - Cleaned text column: newcollabtoolsworkedwith
2025-12-18 19:37:28,885 - INFO - Cleaned text column: newdevops
2025-12-18 19:37:29,085 - INFO - Cleaned text column: newdevopsimpt
2025-12-18 19:37:29,343 - INFO - Cleaned text column: newedimpt
2025-12-18 19:37:29,777 - INFO - Cleaned text column: newjobhunt
2025-12-18 19:37:30,353 - INFO - Cleaned text column: newjobhuntresearch
2025-12-18 19:37:30,604 - INFO - Cleaned text column: newlearn
2025-12-18 19:37:30,805 - INFO - Cleaned text column: newofftopic
2025-12-18 19:37:30,994 - INFO - Cleaned text column: newonboardgood
2025-12-18 19:37:31,204 - INFO - Cleaned text column: newothercomms
2025-12-18 19:37:31,481 - INFO - Cleaned text column: newovertime
2025-12-18 19:37:31,826 - INFO - Cleaned text column: newpurchaseresearch
2025-12-18 19:37:32,082 - INFO - Cleaned text column: newpurplelink
2025-12-18 19:37:32,613 - INFO - Cleaned text column: newsosites
2025-12-18 19:37:33,085 - INFO - Cleaned text column: newstuck
2025-12-18 19:37:33,304 - INFO - Cleaned text column: opsys
2025-12-18 19:37:33,535 - INFO - Cleaned text column: orgsize
2025-12-18 19:37:33,793 - INFO - Cleaned text column: platformdesirenextyear
2025-12-18 19:37:34,051 - INFO - Cleaned text column: platformworkedwith
2025-12-18 19:37:34,282 - INFO - Cleaned text column: purchasewhat
2025-12-18 19:37:34,499 - INFO - Cleaned text column: sexuality
2025-12-18 19:37:34,735 - INFO - Cleaned text column: soaccount
2025-12-18 19:37:34,976 - INFO - Cleaned text column: socomm
2025-12-18 19:37:35,262 - INFO - Cleaned text column: sopartfreq
2025-12-18 19:37:35,545 - INFO - Cleaned text column: sovisitfreq
2025-12-18 19:37:35,764 - INFO - Cleaned text column: surveyease
2025-12-18 19:37:36,001 - INFO - Cleaned text column: surveylength
2025-12-18 19:37:36,191 - INFO - Cleaned text column: trans
2025-12-18 19:37:36,538 - INFO - Cleaned text column: undergradmajor
2025-12-18 19:37:36,738 - INFO - Cleaned text column: webframedesirenextyear
2025-12-18 19:37:36,965 - INFO - Cleaned text column: webframeworkedwith
2025-12-18 19:37:37,295 - INFO - Cleaned text column: welcomechange
2025-12-18 19:37:37,522 - INFO - Cleaned text column: yearscode
2025-12-18 19:37:37,729 - INFO - Cleaned text column: yearscodepro
2025-12-18 19:37:37,729 - INFO - CSV loading and cleaning completed: C:\Users\LENOVO\Downloads\Python scripts\project\Datacleaningsqlpandas\data\survey_results_public.csv
2025-12-18 19:37:40,858 - INFO - [survey_results_public] Outliers plot (before) saved → C:\Users\LENOVO\Downloads\Python scripts\project\Datacleaningsqlpandas\plots\survey_results_public_outliers\survey_results_public_outliers_before_20251218_1937.png
2025-12-18 19:37:41,046 - INFO - missing values found:MainBranch                        299
Hobbyist                           45
Age                             19015
Age1stCode                       6561
CompFreq                        24392
CompTotal                       29635
ConvertedComp                   29705
Country                           389
CurrencyDesc                    18989
CurrencySymbol                  18989
DatabaseDesireNextYear          20391
DatabaseWorkedWith              14924
DevType                         15091
EdLevel                          7030
Employment                        607
Ethnicity                       18513
Gender                          13904
JobFactors                      15112
JobSat                          19267
JobSeek                         12734
LanguageDesireNextYear          10348
LanguageWorkedWith               7083
MiscTechDesireNextYear          22082
MiscTechWorkedWith              24147
NEWCollabToolsDesireNextYear    17174
NEWCollabToolsWorkedWith        11578
NEWDevOps                       21775
NEWDevOpsImpt                   22729
NEWEdImpt                       15996
NEWJobHunt                      22175
NEWJobHuntResearch              23439
NEWLearn                         8305
NEWOffTopic                     13657
NEWOnboardGood                  21838
NEWOtherComms                    7256
NEWOvertime                     21230
NEWPurchaseResearch             27140
NEWPurpleLink                    9658
NEWSOSites                       6186
NEWStuck                         9478
OpSys                            8233
OrgSize                         20127
PlatformDesireNextYear          13856
PlatformWorkedWith              10618
PurchaseWhat                    25097
Sexuality                       20469
SOAccount                        7656
SOComm                           7985
SOPartFreq                      17669
SOVisitFreq                      7491
SurveyEase                      12659
SurveyLength                    12760
Trans                           15116
UndergradMajor                  13466
WebframeDesireNextYear          24437
WebframeWorkedWith              22182
WelcomeChange                   11778
WorkWeekHrs                     23310
YearsCode                        6777
YearsCodePro                    18112
dtype: int64
2025-12-18 19:37:41,698 - INFO - Deleted old missing value plot: C:\Users\LENOVO\Downloads\Python scripts\project\Datacleaningsqlpandas\plots\survey_results_public_missing_values_output\survey_results_public_missing_values_after_20251218_1931.png
2025-12-18 19:37:41,699 - INFO - Deleted old missing value plot: C:\Users\LENOVO\Downloads\Python scripts\project\Datacleaningsqlpandas\plots\survey_results_public_missing_values_output\survey_results_public_missing_values_before_20251218_1929.png
2025-12-18 19:37:42,274 - INFO - [survey_results_public] BEFORE-cleaning complete
--------------------------------------------------
2025-12-18 19:38:23,784 - INFO - [survey_results_public] Cleaned columns: ['mainbranch', 'devtype', 'edlevel', 'employment', 'jobfactors', 'jobseek', 'newcollabtoolsdesirenextyear', 'newcollabtoolsworkedwith', 'newjobhunt', 'newjobhuntresearch', 'newpurplelink', 'newsosites', 'newstuck', 'orgsize', 'socomm', 'undergradmajor']
2025-12-18 19:38:23,784 - INFO - [survey_results_public] Skipped columns: ['hobbyist', 'compfreq', 'country', 'currencydesc', 'currencysymbol', 'databasedesirenextyear', 'databaseworkedwith', 'ethnicity', 'gender', 'jobsat', 'languagedesirenextyear', 'languageworkedwith', 'misctechdesirenextyear', 'misctechworkedwith', 'newdevops', 'newdevopsimpt', 'newedimpt', 'newlearn', 'newofftopic', 'newonboardgood', 'newothercomms', 'newovertime', 'newpurchaseresearch', 'opsys', 'platformdesirenextyear', 'platformworkedwith', 'purchasewhat', 'sexuality', 'soaccount', 'sopartfreq', 'sovisitfreq', 'surveyease', 'surveylength', 'trans', 'webframedesirenextyear', 'webframeworkedwith', 'welcomechange']
2025-12-18 19:38:29,932 - INFO - [survey_results_public] Missing values handled | numeric=5, text=56, datetime=0
2025-12-18 19:38:43,124 - INFO - [survey_results_public] AFTER schema saved → C:\Users\LENOVO\Downloads\Python scripts\project\Datacleaningsqlpandas\json_output\survey_results_public_schema_after.json
2025-12-18 19:38:43,155 - WARNING - [survey_results_public] Skipped schema apply for comptotal: cannot safely cast non-equivalent float64 to int64
2025-12-18 19:38:44,628 - INFO - [survey_results_public] Outliers plot (after) saved → C:\Users\LENOVO\Downloads\Python scripts\project\Datacleaningsqlpandas\plots\survey_results_public_outliers\survey_results_public_outliers_after_20251218_1938.png
2025-12-18 19:38:44,630 - INFO - [survey_results_public] Returning cleaned DataFrame with shape (64461, 61)
2025-12-18 19:38:44,653 - INFO - missing values found:Series([], dtype: int64)
2025-12-18 19:38:44,654 - INFO - No missing values found
2025-12-18 19:38:48,394 - INFO - [survey_results_public] AFTER-cleaning complete. Cleaned CSV saved at: C:\Users\LENOVO\Downloads\Python scripts\project\Datacleaningsqlpandas\cleaned_data_output\survey_results_public_cleaned_20251218_193845.csv
2025-12-18 19:38:48,394 - INFO - [survey_results_public] Cleaned DataFrame preview
