2026-01-03 12:46:12,520 - INFO - Logger initialized for weatherAUS_cleaned_20260103_123949
2026-01-03 12:46:12,521 - INFO - Processing: cleaned_data_output\weatherAUS_cleaned_20260103_123949.csv
2026-01-03 12:46:13,045 - INFO - C:\Users\LENOVO\Downloads\Python scripts\project\Datacleaningsqlpandas\sql_credentials\sql_credentials.json created
2026-01-03 12:46:13,251 - INFO - [weatherAUS_cleaned_20260103_123949] Created MySQL database: weatheraus_cleaned_20260103_123949
2026-01-03 12:46:13,282 - INFO - Engine(mysql+pymysql://root:***@127.0.0.1:3306/weatheraus_cleaned_20260103_123949) MySQL connection successful!
2026-01-03 12:46:25,400 - INFO - [weatherAUS_cleaned_20260103_123949] Data pushed to DB `weatheraus_cleaned_20260103_123949` → table `transformed_weatheraus_cleaned_20260103_123949`
2026-01-03 12:46:25,829 - INFO - Table `transformed_weatheraus_cleaned_20260103_123949` contains 142193 rows
2026-01-03 12:46:25,834 - INFO - 
Data Preview:
         date location  mintemp  maxtemp  rainfall  evaporation  sunshine windgustdir  windgustspeed winddir9am winddir3pm  windspeed9am  windspeed3pm  humidity9am  humidity3pm  pressure9am  pressure3pm  cloud9am  cloud3pm  temp9am  temp3pm raintoday  risk_mm raintomorrow
0  2008-12-01   Albury     13.4     22.9       0.6          4.0       0.0           W             44          W        WNW            20            24           71           22       1007.7       1007.1         8         7     16.9     21.8        No      0.0           No
1  2008-12-02   Albury      7.4     25.1       0.0          4.0       0.0         WNW             44        NNW        WSW             4            22           44           25       1010.6       1007.8         7         7     17.2     24.3        No      0.0           No
2  2008-12-03   Albury     12.9     25.7       0.0          4.0       0.0         WSW             46          W        WSW            19            26           38           30       1007.6       1008.7         7         2     21.0     23.2        No      0.0           No
3  2008-12-04   Albury      9.2     28.0       0.0          4.0       0.0          NE             24         SE          E            11             9           45           16       1017.6       1012.8         7         7     18.1     26.5        No      1.0           No
4  2008-12-05   Albury     17.5     32.3       1.0          4.0       0.0           W             41        ENE         NW             7            20           82           33       1010.8       1006.0         7         8     17.8     29.7        No      0.2           No
2026-01-03 12:46:25,835 - INFO - 
NULL Counts:
date             0
location         0
mintemp          0
maxtemp          0
rainfall         0
evaporation      0
sunshine         0
windgustdir      0
windgustspeed    0
winddir9am       0
winddir3pm       0
windspeed9am     0
windspeed3pm     0
humidity9am      0
humidity3pm      0
pressure9am      0
pressure3pm      0
cloud9am         0
cloud3pm         0
temp9am          0
temp3pm          0
raintoday        0
risk_mm          0
raintomorrow     0
dtype: int64
2026-01-03 12:46:25,835 - INFO - 
Row Counts:
142193
2026-01-03 12:46:25,835 - INFO - successfully pushed data to sql
